<?xml version="1.0" encoding="UTF-8"?>
<!-- Generated by org.testng.reporters.JUnitReportReporter -->
<testsuite hostname="DESKTOP-H1QP6PC" failures="0" tests="1" name="extentReport5.Report" time="1.564" errors="0" timestamp="2021-07-07T20:31:05 IST" skipped="0">
  <testcase classname="extentReport5.Report" name="extentTest" time="1.564"/>
  <system-out/>
</testsuite> <!-- extentReport5.Report -->
